+ '[' 6 -ne 5 ']'
+ echo 'Usage: . ./gettoken.sh hostname realm username clientid'
Usage: . ./gettoken.sh hostname realm username clientid
+ echo '  options:'
  options:
+ echo '    hostname: localhost:8081'
    hostname: localhost:8081
+ echo '    realm:keycloak-demo'
    realm:keycloak-demo
+ echo '    clientid:demo'
    clientid:demo
+ echo '    client-secret:x 42734911-3cbd-4a20-a426-83cb208edc43'
    client-secret:x 42734911-3cbd-4a20-a426-83cb208edc43
+ echo '    For verify ssl: use '\''y'\'' (otherwise it will send curl post with --insecure)'
    For verify ssl: use 'y' (otherwise it will send curl post with --insecure)
+ return
./gettoken.sh: line 12: return: can only `return' from a function or sourced script
+ HOSTNAME=10.150.152.15:8443
+ REALM_NAME=fegstg
+ USERNAME=dvojan2
+ CLIENT_ID=kube
+ CLIENT_SECRET=47f8a6f8-cafd-43ea-b0a6-f46ff292f6d9
+ SECURE=n
+ KEYCLOAK_URL=https://10.150.152.15:8443/auth/realms/fegstg/protocol/openid-connect/token
+ echo 'Using Keycloak: https://10.150.152.15:8443/auth/realms/fegstg/protocol/openid-connect/token'
+ echo 'realm: fegstg'
+ echo 'client-id: kube'
+ echo 'username: dvojan2'
+ echo 'client-secret: 47f8a6f8-cafd-43ea-b0a6-f46ff292f6d9'
+ echo 'secure: n'
+ [[ n = \y ]]
+ INSECURE=--insecure
+ echo -n Password:
+ read -s PASSWORD
++ curl -X POST https://10.150.152.15:8443/auth/realms/fegstg/protocol/openid-connect/token --insecure -H 'Content-Type: application/x-www-form-urlencoded' -d username=dvojan2 -d password=Nznsjtsth128 -d grant_type=password -d client_id=kube -d client_secret=47f8a6f8-cafd-43ea-b0a6-f46ff292f6d9 -d scope=openid -v
Note: Unnecessary use of -X or --request, POST is already inferred.
*   Trying 10.150.152.15...
* TCP_NODELAY set
  % Total    % Received % Xferd  Average Speed   Time    Time     Time  Current
                                 Dload  Upload   Total   Spent    Left  Speed
  0     0    0     0    0     0      0      0 --:--:-- --:--:-- --:--:--     0* Connected to 10.150.152.15 (10.150.152.15) port 8443 (#0)
* ALPN, offering http/1.1
* Cipher selection: ALL:!EXPORT:!EXPORT40:!EXPORT56:!aNULL:!LOW:!RC4:@STRENGTH
* successfully set certificate verify locations:
*   CAfile: /etc/ssl/certs/ca-certificates.crt
  CApath: none
* TLSv1.2 (OUT), TLS header, Certificate Status (22):
} [5 bytes data]
* TLSv1.2 (OUT), TLS handshake, Client hello (1):
} [512 bytes data]
* TLSv1.2 (IN), TLS handshake, Server hello (2):
{ [96 bytes data]
* TLSv1.2 (IN), TLS handshake, Certificate (11):
{ [1336 bytes data]
* TLSv1.2 (IN), TLS handshake, Server key exchange (12):
{ [333 bytes data]
* TLSv1.2 (IN), TLS handshake, Server finished (14):
{ [4 bytes data]
* TLSv1.2 (OUT), TLS handshake, Client key exchange (16):
} [70 bytes data]
* TLSv1.2 (OUT), TLS change cipher, Change cipher spec (1):
} [1 bytes data]
* TLSv1.2 (OUT), TLS handshake, Finished (20):
} [16 bytes data]
* TLSv1.2 (IN), TLS change cipher, Change cipher spec (1):
{ [1 bytes data]
* TLSv1.2 (IN), TLS handshake, Finished (20):
{ [16 bytes data]
* SSL connection using TLSv1.2 / ECDHE-RSA-AES256-GCM-SHA384
* ALPN, server accepted to use http/1.1
* Server certificate:
*  subject: O=LX.IFORTUNA.CZ; CN=keycloak01-k8s01-poc.s.dc1.cz.ipa.ifortuna.cz
*  start date: Feb 18 11:30:24 2021 GMT
*  expire date: Feb 19 11:30:24 2023 GMT
*  issuer: O=LX.IFORTUNA.CZ; CN=Certificate Authority
*  SSL certificate verify result: unable to get local issuer certificate (20), continuing anyway.
} [5 bytes data]
> POST /auth/realms/fegstg/protocol/openid-connect/token HTTP/1.1
> Host: 10.150.152.15:8443
> User-Agent: curl/7.64.1
> Accept: */*
> Content-Type: application/x-www-form-urlencoded
> Content-Length: 137
> 
} [137 bytes data]
* upload completely sent off: 137 out of 137 bytes
{ [5 bytes data]
< HTTP/1.1 200 OK
< Cache-Control: no-store
< Set-Cookie: KEYCLOAK_LOCALE=; Version=1; Comment=Expiring cookie; Expires=Thu, 01-Jan-1970 00:00:10 GMT; Max-Age=0; Path=/auth/realms/fegstg/; HttpOnly
< Set-Cookie: KC_RESTART=; Version=1; Expires=Thu, 01-Jan-1970 00:00:10 GMT; Max-Age=0; Path=/auth/realms/fegstg/; HttpOnly
< X-XSS-Protection: 1; mode=block
< Pragma: no-cache
< X-Frame-Options: SAMEORIGIN
< Referrer-Policy: no-referrer
< Date: Thu, 18 Feb 2021 17:47:11 GMT
< Connection: keep-alive
< Strict-Transport-Security: max-age=31536000; includeSubDomains
< X-Content-Type-Options: nosniff
< Content-Type: application/json
< Content-Length: 2889
< 
{ [2889 bytes data]
100  3026  100  2889  100   137   6477    307 --:--:-- --:--:-- --:--:--  6800
* Connection #0 to host 10.150.152.15 left intact
* Closing connection 0
+ export 'TOKEN={"access_token":"eyJhbGciOiJSUzI1NiIsInR5cCIgOiAiSldUIiwia2lkIiA6ICJrT0FBUDByODd4SWxHcmFXZXNRaWYzcVRCSVpyR1p4X295TmhEOTZQX3ZvIn0.eyJleHAiOjE2MTM2NzA3MzEsImlhdCI6MTYxMzY3MDQzMSwianRpIjoiZjE4N2ZiNWQtY2JiNy00NjJlLWJmYTYtZTRlMDExOTI2NzYzIiwiaXNzIjoiaHR0cHM6Ly8xMC4xNTAuMTUyLjE1Ojg0NDMvYXV0aC9yZWFsbXMvZmVnc3RnIiwic3ViIjoiNGM2MWI5NmUtZjYwZS00NTlhLWIyOWUtNjA5NjNkNmY3ZmFkIiwidHlwIjoiQmVhcmVyIiwiYXpwIjoia3ViZSIsInNlc3Npb25fc3RhdGUiOiJmM2NjYjEzZS1kZmMxLTQyZWEtOWEwOS05YzI3ZmFjMzFmYmIiLCJhY3IiOiIxIiwic2NvcGUiOiJvcGVuaWQiLCJncm91cHMiOlsib2NwX25vbi1wcm9kX2NsdXN0ZXItYWRtaW4iLCJvY3BfcHJvZF9jbHVzdGVyLWFkbWluIiwib2NwX20xY3pfY19jbHVzdGVyLWFkbWluIiwib2NwX2NmbWVfYWRtaW5zIl0sInVzZXJuYW1lIjoiZHZvamFuMiJ9.td0FuP0HVNpEHOtKDJGSJ3TeBnLtQTasYNbB9viKbR4sWMDygicFhsjz-y7v7yogxs6-ZTFoC-0Y7a9fkxjH_c5Reix3BLhI6UB-WLla3cj6qO3ESQMaIbo0sJNTQUZoBuUJ8abUxODJcM8T9tUNQYf0sQr6ZeW51JIadKHjHngXV8BNIdOMvfeSYBkT51xtpEJ0XDkeQ3fy_MuYK6iAO4aCe3tpHowUjS4zdYEACFh9ttftfbom2JuU5oYq52SjoNnZ2DS2bHVzQJQ7gLS10BOTgMFlF7qPBUEswKUnkMkqx_UXerrxpTasSQ78_w0HKkSzylHyXQfSfeWEc-c8Ng","expires_in":300,"refresh_expires_in":1800,"refresh_token":"eyJhbGciOiJIUzI1NiIsInR5cCIgOiAiSldUIiwia2lkIiA6ICJmMjU5NmU0Zi0zMzZhLTQ3Y2UtODkwZi1kNjQwZjIzZmE2YjYifQ.eyJleHAiOjE2MTM2NzIyMzEsImlhdCI6MTYxMzY3MDQzMSwianRpIjoiYWYxM2YyOTUtYTIxYi00MTE5LWFjNzgtMjAwNjFhMDVmNjQ1IiwiaXNzIjoiaHR0cHM6Ly8xMC4xNTAuMTUyLjE1Ojg0NDMvYXV0aC9yZWFsbXMvZmVnc3RnIiwiYXVkIjoiaHR0cHM6Ly8xMC4xNTAuMTUyLjE1Ojg0NDMvYXV0aC9yZWFsbXMvZmVnc3RnIiwic3ViIjoiNGM2MWI5NmUtZjYwZS00NTlhLWIyOWUtNjA5NjNkNmY3ZmFkIiwidHlwIjoiUmVmcmVzaCIsImF6cCI6Imt1YmUiLCJzZXNzaW9uX3N0YXRlIjoiZjNjY2IxM2UtZGZjMS00MmVhLTlhMDktOWMyN2ZhYzMxZmJiIiwic2NvcGUiOiJvcGVuaWQifQ.kCZmRhjVp5CRuYR8gZIEWcH9DAFUkD1IBj4l7K1fUQs","token_type":"Bearer","id_token":"eyJhbGciOiJSUzI1NiIsInR5cCIgOiAiSldUIiwia2lkIiA6ICJrT0FBUDByODd4SWxHcmFXZXNRaWYzcVRCSVpyR1p4X295TmhEOTZQX3ZvIn0.eyJleHAiOjE2MTM2NzA3MzEsImlhdCI6MTYxMzY3MDQzMSwiYXV0aF90aW1lIjowLCJqdGkiOiI0MTY2NjA3Yy1lZDJjLTQ0MTAtYTQwZi03YjVkYjhhYWI3ZDIiLCJpc3MiOiJodHRwczovLzEwLjE1MC4xNTIuMTU6ODQ0My9hdXRoL3JlYWxtcy9mZWdzdGciLCJhdWQiOiJrdWJlIiwic3ViIjoiNGM2MWI5NmUtZjYwZS00NTlhLWIyOWUtNjA5NjNkNmY3ZmFkIiwidHlwIjoiSUQiLCJhenAiOiJrdWJlIiwic2Vzc2lvbl9zdGF0ZSI6ImYzY2NiMTNlLWRmYzEtNDJlYS05YTA5LTljMjdmYWMzMWZiYiIsImF0X2hhc2giOiJfZ2wxVWJ3VkR0TW1ZMUhLZlFJdUF3IiwiYWNyIjoiMSIsImdyb3VwcyI6WyJvY3Bfbm9uLXByb2RfY2x1c3Rlci1hZG1pbiIsIm9jcF9wcm9kX2NsdXN0ZXItYWRtaW4iLCJvY3BfbTFjel9jX2NsdXN0ZXItYWRtaW4iLCJvY3BfY2ZtZV9hZG1pbnMiXSwidXNlcm5hbWUiOiJkdm9qYW4yIn0.oGZDajvLGZZpJ6V3l_wHPg5dpmjBUHJVJgz7aJp5UU-XHq-mqiCNByGVOwfirnwQaPYgmlljhLpGsOj2zO0l8yfPJudwy33YoM1SEY1qQZwdG0ERmjLYVSqmwmGpmrGGz6WeoqYbGCDuUtRJ6VN0MoDwKm8mHZne_NW9Vxps1uXrTdc-WSud5MA6j36DcNrKOGw2ylJj0C5IXhOWRzi9y9bYPhALQKdJQf0rFFIXkfhHklvUGxvTQPfSiHrb71ZOmFI1CZNK39ATOkG05LYWoHhICKeH1XaaYIw7DmMtip7KeY_gsnPQKugxHJ837jP7bs3bz3SMMHtG31-m6LZsFA","not-before-policy":0,"session_state":"f3ccb13e-dfc1-42ea-9a09-9c27fac31fbb","scope":"openid"}'
+ TOKEN='{"access_token":"eyJhbGciOiJSUzI1NiIsInR5cCIgOiAiSldUIiwia2lkIiA6ICJrT0FBUDByODd4SWxHcmFXZXNRaWYzcVRCSVpyR1p4X295TmhEOTZQX3ZvIn0.eyJleHAiOjE2MTM2NzA3MzEsImlhdCI6MTYxMzY3MDQzMSwianRpIjoiZjE4N2ZiNWQtY2JiNy00NjJlLWJmYTYtZTRlMDExOTI2NzYzIiwiaXNzIjoiaHR0cHM6Ly8xMC4xNTAuMTUyLjE1Ojg0NDMvYXV0aC9yZWFsbXMvZmVnc3RnIiwic3ViIjoiNGM2MWI5NmUtZjYwZS00NTlhLWIyOWUtNjA5NjNkNmY3ZmFkIiwidHlwIjoiQmVhcmVyIiwiYXpwIjoia3ViZSIsInNlc3Npb25fc3RhdGUiOiJmM2NjYjEzZS1kZmMxLTQyZWEtOWEwOS05YzI3ZmFjMzFmYmIiLCJhY3IiOiIxIiwic2NvcGUiOiJvcGVuaWQiLCJncm91cHMiOlsib2NwX25vbi1wcm9kX2NsdXN0ZXItYWRtaW4iLCJvY3BfcHJvZF9jbHVzdGVyLWFkbWluIiwib2NwX20xY3pfY19jbHVzdGVyLWFkbWluIiwib2NwX2NmbWVfYWRtaW5zIl0sInVzZXJuYW1lIjoiZHZvamFuMiJ9.td0FuP0HVNpEHOtKDJGSJ3TeBnLtQTasYNbB9viKbR4sWMDygicFhsjz-y7v7yogxs6-ZTFoC-0Y7a9fkxjH_c5Reix3BLhI6UB-WLla3cj6qO3ESQMaIbo0sJNTQUZoBuUJ8abUxODJcM8T9tUNQYf0sQr6ZeW51JIadKHjHngXV8BNIdOMvfeSYBkT51xtpEJ0XDkeQ3fy_MuYK6iAO4aCe3tpHowUjS4zdYEACFh9ttftfbom2JuU5oYq52SjoNnZ2DS2bHVzQJQ7gLS10BOTgMFlF7qPBUEswKUnkMkqx_UXerrxpTasSQ78_w0HKkSzylHyXQfSfeWEc-c8Ng","expires_in":300,"refresh_expires_in":1800,"refresh_token":"eyJhbGciOiJIUzI1NiIsInR5cCIgOiAiSldUIiwia2lkIiA6ICJmMjU5NmU0Zi0zMzZhLTQ3Y2UtODkwZi1kNjQwZjIzZmE2YjYifQ.eyJleHAiOjE2MTM2NzIyMzEsImlhdCI6MTYxMzY3MDQzMSwianRpIjoiYWYxM2YyOTUtYTIxYi00MTE5LWFjNzgtMjAwNjFhMDVmNjQ1IiwiaXNzIjoiaHR0cHM6Ly8xMC4xNTAuMTUyLjE1Ojg0NDMvYXV0aC9yZWFsbXMvZmVnc3RnIiwiYXVkIjoiaHR0cHM6Ly8xMC4xNTAuMTUyLjE1Ojg0NDMvYXV0aC9yZWFsbXMvZmVnc3RnIiwic3ViIjoiNGM2MWI5NmUtZjYwZS00NTlhLWIyOWUtNjA5NjNkNmY3ZmFkIiwidHlwIjoiUmVmcmVzaCIsImF6cCI6Imt1YmUiLCJzZXNzaW9uX3N0YXRlIjoiZjNjY2IxM2UtZGZjMS00MmVhLTlhMDktOWMyN2ZhYzMxZmJiIiwic2NvcGUiOiJvcGVuaWQifQ.kCZmRhjVp5CRuYR8gZIEWcH9DAFUkD1IBj4l7K1fUQs","token_type":"Bearer","id_token":"eyJhbGciOiJSUzI1NiIsInR5cCIgOiAiSldUIiwia2lkIiA6ICJrT0FBUDByODd4SWxHcmFXZXNRaWYzcVRCSVpyR1p4X295TmhEOTZQX3ZvIn0.eyJleHAiOjE2MTM2NzA3MzEsImlhdCI6MTYxMzY3MDQzMSwiYXV0aF90aW1lIjowLCJqdGkiOiI0MTY2NjA3Yy1lZDJjLTQ0MTAtYTQwZi03YjVkYjhhYWI3ZDIiLCJpc3MiOiJodHRwczovLzEwLjE1MC4xNTIuMTU6ODQ0My9hdXRoL3JlYWxtcy9mZWdzdGciLCJhdWQiOiJrdWJlIiwic3ViIjoiNGM2MWI5NmUtZjYwZS00NTlhLWIyOWUtNjA5NjNkNmY3ZmFkIiwidHlwIjoiSUQiLCJhenAiOiJrdWJlIiwic2Vzc2lvbl9zdGF0ZSI6ImYzY2NiMTNlLWRmYzEtNDJlYS05YTA5LTljMjdmYWMzMWZiYiIsImF0X2hhc2giOiJfZ2wxVWJ3VkR0TW1ZMUhLZlFJdUF3IiwiYWNyIjoiMSIsImdyb3VwcyI6WyJvY3Bfbm9uLXByb2RfY2x1c3Rlci1hZG1pbiIsIm9jcF9wcm9kX2NsdXN0ZXItYWRtaW4iLCJvY3BfbTFjel9jX2NsdXN0ZXItYWRtaW4iLCJvY3BfY2ZtZV9hZG1pbnMiXSwidXNlcm5hbWUiOiJkdm9qYW4yIn0.oGZDajvLGZZpJ6V3l_wHPg5dpmjBUHJVJgz7aJp5UU-XHq-mqiCNByGVOwfirnwQaPYgmlljhLpGsOj2zO0l8yfPJudwy33YoM1SEY1qQZwdG0ERmjLYVSqmwmGpmrGGz6WeoqYbGCDuUtRJ6VN0MoDwKm8mHZne_NW9Vxps1uXrTdc-WSud5MA6j36DcNrKOGw2ylJj0C5IXhOWRzi9y9bYPhALQKdJQf0rFFIXkfhHklvUGxvTQPfSiHrb71ZOmFI1CZNK39ATOkG05LYWoHhICKeH1XaaYIw7DmMtip7KeY_gsnPQKugxHJ837jP7bs3bz3SMMHtG31-m6LZsFA","not-before-policy":0,"session_state":"f3ccb13e-dfc1-42ea-9a09-9c27fac31fbb","scope":"openid"}'
+ echo '{"access_token":"eyJhbGciOiJSUzI1NiIsInR5cCIgOiAiSldUIiwia2lkIiA6ICJrT0FBUDByODd4SWxHcmFXZXNRaWYzcVRCSVpyR1p4X295TmhEOTZQX3ZvIn0.eyJleHAiOjE2MTM2NzA3MzEsImlhdCI6MTYxMzY3MDQzMSwianRpIjoiZjE4N2ZiNWQtY2JiNy00NjJlLWJmYTYtZTRlMDExOTI2NzYzIiwiaXNzIjoiaHR0cHM6Ly8xMC4xNTAuMTUyLjE1Ojg0NDMvYXV0aC9yZWFsbXMvZmVnc3RnIiwic3ViIjoiNGM2MWI5NmUtZjYwZS00NTlhLWIyOWUtNjA5NjNkNmY3ZmFkIiwidHlwIjoiQmVhcmVyIiwiYXpwIjoia3ViZSIsInNlc3Npb25fc3RhdGUiOiJmM2NjYjEzZS1kZmMxLTQyZWEtOWEwOS05YzI3ZmFjMzFmYmIiLCJhY3IiOiIxIiwic2NvcGUiOiJvcGVuaWQiLCJncm91cHMiOlsib2NwX25vbi1wcm9kX2NsdXN0ZXItYWRtaW4iLCJvY3BfcHJvZF9jbHVzdGVyLWFkbWluIiwib2NwX20xY3pfY19jbHVzdGVyLWFkbWluIiwib2NwX2NmbWVfYWRtaW5zIl0sInVzZXJuYW1lIjoiZHZvamFuMiJ9.td0FuP0HVNpEHOtKDJGSJ3TeBnLtQTasYNbB9viKbR4sWMDygicFhsjz-y7v7yogxs6-ZTFoC-0Y7a9fkxjH_c5Reix3BLhI6UB-WLla3cj6qO3ESQMaIbo0sJNTQUZoBuUJ8abUxODJcM8T9tUNQYf0sQr6ZeW51JIadKHjHngXV8BNIdOMvfeSYBkT51xtpEJ0XDkeQ3fy_MuYK6iAO4aCe3tpHowUjS4zdYEACFh9ttftfbom2JuU5oYq52SjoNnZ2DS2bHVzQJQ7gLS10BOTgMFlF7qPBUEswKUnkMkqx_UXerrxpTasSQ78_w0HKkSzylHyXQfSfeWEc-c8Ng","expires_in":300,"refresh_expires_in":1800,"refresh_token":"eyJhbGciOiJIUzI1NiIsInR5cCIgOiAiSldUIiwia2lkIiA6ICJmMjU5NmU0Zi0zMzZhLTQ3Y2UtODkwZi1kNjQwZjIzZmE2YjYifQ.eyJleHAiOjE2MTM2NzIyMzEsImlhdCI6MTYxMzY3MDQzMSwianRpIjoiYWYxM2YyOTUtYTIxYi00MTE5LWFjNzgtMjAwNjFhMDVmNjQ1IiwiaXNzIjoiaHR0cHM6Ly8xMC4xNTAuMTUyLjE1Ojg0NDMvYXV0aC9yZWFsbXMvZmVnc3RnIiwiYXVkIjoiaHR0cHM6Ly8xMC4xNTAuMTUyLjE1Ojg0NDMvYXV0aC9yZWFsbXMvZmVnc3RnIiwic3ViIjoiNGM2MWI5NmUtZjYwZS00NTlhLWIyOWUtNjA5NjNkNmY3ZmFkIiwidHlwIjoiUmVmcmVzaCIsImF6cCI6Imt1YmUiLCJzZXNzaW9uX3N0YXRlIjoiZjNjY2IxM2UtZGZjMS00MmVhLTlhMDktOWMyN2ZhYzMxZmJiIiwic2NvcGUiOiJvcGVuaWQifQ.kCZmRhjVp5CRuYR8gZIEWcH9DAFUkD1IBj4l7K1fUQs","token_type":"Bearer","id_token":"eyJhbGciOiJSUzI1NiIsInR5cCIgOiAiSldUIiwia2lkIiA6ICJrT0FBUDByODd4SWxHcmFXZXNRaWYzcVRCSVpyR1p4X295TmhEOTZQX3ZvIn0.eyJleHAiOjE2MTM2NzA3MzEsImlhdCI6MTYxMzY3MDQzMSwiYXV0aF90aW1lIjowLCJqdGkiOiI0MTY2NjA3Yy1lZDJjLTQ0MTAtYTQwZi03YjVkYjhhYWI3ZDIiLCJpc3MiOiJodHRwczovLzEwLjE1MC4xNTIuMTU6ODQ0My9hdXRoL3JlYWxtcy9mZWdzdGciLCJhdWQiOiJrdWJlIiwic3ViIjoiNGM2MWI5NmUtZjYwZS00NTlhLWIyOWUtNjA5NjNkNmY3ZmFkIiwidHlwIjoiSUQiLCJhenAiOiJrdWJlIiwic2Vzc2lvbl9zdGF0ZSI6ImYzY2NiMTNlLWRmYzEtNDJlYS05YTA5LTljMjdmYWMzMWZiYiIsImF0X2hhc2giOiJfZ2wxVWJ3VkR0TW1ZMUhLZlFJdUF3IiwiYWNyIjoiMSIsImdyb3VwcyI6WyJvY3Bfbm9uLXByb2RfY2x1c3Rlci1hZG1pbiIsIm9jcF9wcm9kX2NsdXN0ZXItYWRtaW4iLCJvY3BfbTFjel9jX2NsdXN0ZXItYWRtaW4iLCJvY3BfY2ZtZV9hZG1pbnMiXSwidXNlcm5hbWUiOiJkdm9qYW4yIn0.oGZDajvLGZZpJ6V3l_wHPg5dpmjBUHJVJgz7aJp5UU-XHq-mqiCNByGVOwfirnwQaPYgmlljhLpGsOj2zO0l8yfPJudwy33YoM1SEY1qQZwdG0ERmjLYVSqmwmGpmrGGz6WeoqYbGCDuUtRJ6VN0MoDwKm8mHZne_NW9Vxps1uXrTdc-WSud5MA6j36DcNrKOGw2ylJj0C5IXhOWRzi9y9bYPhALQKdJQf0rFFIXkfhHklvUGxvTQPfSiHrb71ZOmFI1CZNK39ATOkG05LYWoHhICKeH1XaaYIw7DmMtip7KeY_gsnPQKugxHJ837jP7bs3bz3SMMHtG31-m6LZsFA","not-before-policy":0,"session_state":"f3ccb13e-dfc1-42ea-9a09-9c27fac31fbb","scope":"openid"}'
++ echo '{"access_token":"eyJhbGciOiJSUzI1NiIsInR5cCIgOiAiSldUIiwia2lkIiA6ICJrT0FBUDByODd4SWxHcmFXZXNRaWYzcVRCSVpyR1p4X295TmhEOTZQX3ZvIn0.eyJleHAiOjE2MTM2NzA3MzEsImlhdCI6MTYxMzY3MDQzMSwianRpIjoiZjE4N2ZiNWQtY2JiNy00NjJlLWJmYTYtZTRlMDExOTI2NzYzIiwiaXNzIjoiaHR0cHM6Ly8xMC4xNTAuMTUyLjE1Ojg0NDMvYXV0aC9yZWFsbXMvZmVnc3RnIiwic3ViIjoiNGM2MWI5NmUtZjYwZS00NTlhLWIyOWUtNjA5NjNkNmY3ZmFkIiwidHlwIjoiQmVhcmVyIiwiYXpwIjoia3ViZSIsInNlc3Npb25fc3RhdGUiOiJmM2NjYjEzZS1kZmMxLTQyZWEtOWEwOS05YzI3ZmFjMzFmYmIiLCJhY3IiOiIxIiwic2NvcGUiOiJvcGVuaWQiLCJncm91cHMiOlsib2NwX25vbi1wcm9kX2NsdXN0ZXItYWRtaW4iLCJvY3BfcHJvZF9jbHVzdGVyLWFkbWluIiwib2NwX20xY3pfY19jbHVzdGVyLWFkbWluIiwib2NwX2NmbWVfYWRtaW5zIl0sInVzZXJuYW1lIjoiZHZvamFuMiJ9.td0FuP0HVNpEHOtKDJGSJ3TeBnLtQTasYNbB9viKbR4sWMDygicFhsjz-y7v7yogxs6-ZTFoC-0Y7a9fkxjH_c5Reix3BLhI6UB-WLla3cj6qO3ESQMaIbo0sJNTQUZoBuUJ8abUxODJcM8T9tUNQYf0sQr6ZeW51JIadKHjHngXV8BNIdOMvfeSYBkT51xtpEJ0XDkeQ3fy_MuYK6iAO4aCe3tpHowUjS4zdYEACFh9ttftfbom2JuU5oYq52SjoNnZ2DS2bHVzQJQ7gLS10BOTgMFlF7qPBUEswKUnkMkqx_UXerrxpTasSQ78_w0HKkSzylHyXQfSfeWEc-c8Ng","expires_in":300,"refresh_expires_in":1800,"refresh_token":"eyJhbGciOiJIUzI1NiIsInR5cCIgOiAiSldUIiwia2lkIiA6ICJmMjU5NmU0Zi0zMzZhLTQ3Y2UtODkwZi1kNjQwZjIzZmE2YjYifQ.eyJleHAiOjE2MTM2NzIyMzEsImlhdCI6MTYxMzY3MDQzMSwianRpIjoiYWYxM2YyOTUtYTIxYi00MTE5LWFjNzgtMjAwNjFhMDVmNjQ1IiwiaXNzIjoiaHR0cHM6Ly8xMC4xNTAuMTUyLjE1Ojg0NDMvYXV0aC9yZWFsbXMvZmVnc3RnIiwiYXVkIjoiaHR0cHM6Ly8xMC4xNTAuMTUyLjE1Ojg0NDMvYXV0aC9yZWFsbXMvZmVnc3RnIiwic3ViIjoiNGM2MWI5NmUtZjYwZS00NTlhLWIyOWUtNjA5NjNkNmY3ZmFkIiwidHlwIjoiUmVmcmVzaCIsImF6cCI6Imt1YmUiLCJzZXNzaW9uX3N0YXRlIjoiZjNjY2IxM2UtZGZjMS00MmVhLTlhMDktOWMyN2ZhYzMxZmJiIiwic2NvcGUiOiJvcGVuaWQifQ.kCZmRhjVp5CRuYR8gZIEWcH9DAFUkD1IBj4l7K1fUQs","token_type":"Bearer","id_token":"eyJhbGciOiJSUzI1NiIsInR5cCIgOiAiSldUIiwia2lkIiA6ICJrT0FBUDByODd4SWxHcmFXZXNRaWYzcVRCSVpyR1p4X295TmhEOTZQX3ZvIn0.eyJleHAiOjE2MTM2NzA3MzEsImlhdCI6MTYxMzY3MDQzMSwiYXV0aF90aW1lIjowLCJqdGkiOiI0MTY2NjA3Yy1lZDJjLTQ0MTAtYTQwZi03YjVkYjhhYWI3ZDIiLCJpc3MiOiJodHRwczovLzEwLjE1MC4xNTIuMTU6ODQ0My9hdXRoL3JlYWxtcy9mZWdzdGciLCJhdWQiOiJrdWJlIiwic3ViIjoiNGM2MWI5NmUtZjYwZS00NTlhLWIyOWUtNjA5NjNkNmY3ZmFkIiwidHlwIjoiSUQiLCJhenAiOiJrdWJlIiwic2Vzc2lvbl9zdGF0ZSI6ImYzY2NiMTNlLWRmYzEtNDJlYS05YTA5LTljMjdmYWMzMWZiYiIsImF0X2hhc2giOiJfZ2wxVWJ3VkR0TW1ZMUhLZlFJdUF3IiwiYWNyIjoiMSIsImdyb3VwcyI6WyJvY3Bfbm9uLXByb2RfY2x1c3Rlci1hZG1pbiIsIm9jcF9wcm9kX2NsdXN0ZXItYWRtaW4iLCJvY3BfbTFjel9jX2NsdXN0ZXItYWRtaW4iLCJvY3BfY2ZtZV9hZG1pbnMiXSwidXNlcm5hbWUiOiJkdm9qYW4yIn0.oGZDajvLGZZpJ6V3l_wHPg5dpmjBUHJVJgz7aJp5UU-XHq-mqiCNByGVOwfirnwQaPYgmlljhLpGsOj2zO0l8yfPJudwy33YoM1SEY1qQZwdG0ERmjLYVSqmwmGpmrGGz6WeoqYbGCDuUtRJ6VN0MoDwKm8mHZne_NW9Vxps1uXrTdc-WSud5MA6j36DcNrKOGw2ylJj0C5IXhOWRzi9y9bYPhALQKdJQf0rFFIXkfhHklvUGxvTQPfSiHrb71ZOmFI1CZNK39ATOkG05LYWoHhICKeH1XaaYIw7DmMtip7KeY_gsnPQKugxHJ837jP7bs3bz3SMMHtG31-m6LZsFA","not-before-policy":0,"session_state":"f3ccb13e-dfc1-42ea-9a09-9c27fac31fbb","scope":"openid"}'
+ [[ {"access_token":"eyJhbGciOiJSUzI1NiIsInR5cCIgOiAiSldUIiwia2lkIiA6ICJrT0FBUDByODd4SWxHcmFXZXNRaWYzcVRCSVpyR1p4X295TmhEOTZQX3ZvIn0.eyJleHAiOjE2MTM2NzA3MzEsImlhdCI6MTYxMzY3MDQzMSwianRpIjoiZjE4N2ZiNWQtY2JiNy00NjJlLWJmYTYtZTRlMDExOTI2NzYzIiwiaXNzIjoiaHR0cHM6Ly8xMC4xNTAuMTUyLjE1Ojg0NDMvYXV0aC9yZWFsbXMvZmVnc3RnIiwic3ViIjoiNGM2MWI5NmUtZjYwZS00NTlhLWIyOWUtNjA5NjNkNmY3ZmFkIiwidHlwIjoiQmVhcmVyIiwiYXpwIjoia3ViZSIsInNlc3Npb25fc3RhdGUiOiJmM2NjYjEzZS1kZmMxLTQyZWEtOWEwOS05YzI3ZmFjMzFmYmIiLCJhY3IiOiIxIiwic2NvcGUiOiJvcGVuaWQiLCJncm91cHMiOlsib2NwX25vbi1wcm9kX2NsdXN0ZXItYWRtaW4iLCJvY3BfcHJvZF9jbHVzdGVyLWFkbWluIiwib2NwX20xY3pfY19jbHVzdGVyLWFkbWluIiwib2NwX2NmbWVfYWRtaW5zIl0sInVzZXJuYW1lIjoiZHZvamFuMiJ9.td0FuP0HVNpEHOtKDJGSJ3TeBnLtQTasYNbB9viKbR4sWMDygicFhsjz-y7v7yogxs6-ZTFoC-0Y7a9fkxjH_c5Reix3BLhI6UB-WLla3cj6qO3ESQMaIbo0sJNTQUZoBuUJ8abUxODJcM8T9tUNQYf0sQr6ZeW51JIadKHjHngXV8BNIdOMvfeSYBkT51xtpEJ0XDkeQ3fy_MuYK6iAO4aCe3tpHowUjS4zdYEACFh9ttftfbom2JuU5oYq52SjoNnZ2DS2bHVzQJQ7gLS10BOTgMFlF7qPBUEswKUnkMkqx_UXerrxpTasSQ78_w0HKkSzylHyXQfSfeWEc-c8Ng","expires_in":300,"refresh_expires_in":1800,"refresh_token":"eyJhbGciOiJIUzI1NiIsInR5cCIgOiAiSldUIiwia2lkIiA6ICJmMjU5NmU0Zi0zMzZhLTQ3Y2UtODkwZi1kNjQwZjIzZmE2YjYifQ.eyJleHAiOjE2MTM2NzIyMzEsImlhdCI6MTYxMzY3MDQzMSwianRpIjoiYWYxM2YyOTUtYTIxYi00MTE5LWFjNzgtMjAwNjFhMDVmNjQ1IiwiaXNzIjoiaHR0cHM6Ly8xMC4xNTAuMTUyLjE1Ojg0NDMvYXV0aC9yZWFsbXMvZmVnc3RnIiwiYXVkIjoiaHR0cHM6Ly8xMC4xNTAuMTUyLjE1Ojg0NDMvYXV0aC9yZWFsbXMvZmVnc3RnIiwic3ViIjoiNGM2MWI5NmUtZjYwZS00NTlhLWIyOWUtNjA5NjNkNmY3ZmFkIiwidHlwIjoiUmVmcmVzaCIsImF6cCI6Imt1YmUiLCJzZXNzaW9uX3N0YXRlIjoiZjNjY2IxM2UtZGZjMS00MmVhLTlhMDktOWMyN2ZhYzMxZmJiIiwic2NvcGUiOiJvcGVuaWQifQ.kCZmRhjVp5CRuYR8gZIEWcH9DAFUkD1IBj4l7K1fUQs","token_type":"Bearer","id_token":"eyJhbGciOiJSUzI1NiIsInR5cCIgOiAiSldUIiwia2lkIiA6ICJrT0FBUDByODd4SWxHcmFXZXNRaWYzcVRCSVpyR1p4X295TmhEOTZQX3ZvIn0.eyJleHAiOjE2MTM2NzA3MzEsImlhdCI6MTYxMzY3MDQzMSwiYXV0aF90aW1lIjowLCJqdGkiOiI0MTY2NjA3Yy1lZDJjLTQ0MTAtYTQwZi03YjVkYjhhYWI3ZDIiLCJpc3MiOiJodHRwczovLzEwLjE1MC4xNTIuMTU6ODQ0My9hdXRoL3JlYWxtcy9mZWdzdGciLCJhdWQiOiJrdWJlIiwic3ViIjoiNGM2MWI5NmUtZjYwZS00NTlhLWIyOWUtNjA5NjNkNmY3ZmFkIiwidHlwIjoiSUQiLCJhenAiOiJrdWJlIiwic2Vzc2lvbl9zdGF0ZSI6ImYzY2NiMTNlLWRmYzEtNDJlYS05YTA5LTljMjdmYWMzMWZiYiIsImF0X2hhc2giOiJfZ2wxVWJ3VkR0TW1ZMUhLZlFJdUF3IiwiYWNyIjoiMSIsImdyb3VwcyI6WyJvY3Bfbm9uLXByb2RfY2x1c3Rlci1hZG1pbiIsIm9jcF9wcm9kX2NsdXN0ZXItYWRtaW4iLCJvY3BfbTFjel9jX2NsdXN0ZXItYWRtaW4iLCJvY3BfY2ZtZV9hZG1pbnMiXSwidXNlcm5hbWUiOiJkdm9qYW4yIn0.oGZDajvLGZZpJ6V3l_wHPg5dpmjBUHJVJgz7aJp5UU-XHq-mqiCNByGVOwfirnwQaPYgmlljhLpGsOj2zO0l8yfPJudwy33YoM1SEY1qQZwdG0ERmjLYVSqmwmGpmrGGz6WeoqYbGCDuUtRJ6VN0MoDwKm8mHZne_NW9Vxps1uXrTdc-WSud5MA6j36DcNrKOGw2ylJj0C5IXhOWRzi9y9bYPhALQKdJQf0rFFIXkfhHklvUGxvTQPfSiHrb71ZOmFI1CZNK39ATOkG05LYWoHhICKeH1XaaYIw7DmMtip7KeY_gsnPQKugxHJ837jP7bs3bz3SMMHtG31-m6LZsFA","not-before-policy":0,"session_state":"f3ccb13e-dfc1-42ea-9a09-9c27fac31fbb","scope":"openid"} != \n\u\l\l ]]
+ export 'KEYCLOAK_TOKEN={"access_token":"eyJhbGciOiJSUzI1NiIsInR5cCIgOiAiSldUIiwia2lkIiA6ICJrT0FBUDByODd4SWxHcmFXZXNRaWYzcVRCSVpyR1p4X295TmhEOTZQX3ZvIn0.eyJleHAiOjE2MTM2NzA3MzEsImlhdCI6MTYxMzY3MDQzMSwianRpIjoiZjE4N2ZiNWQtY2JiNy00NjJlLWJmYTYtZTRlMDExOTI2NzYzIiwiaXNzIjoiaHR0cHM6Ly8xMC4xNTAuMTUyLjE1Ojg0NDMvYXV0aC9yZWFsbXMvZmVnc3RnIiwic3ViIjoiNGM2MWI5NmUtZjYwZS00NTlhLWIyOWUtNjA5NjNkNmY3ZmFkIiwidHlwIjoiQmVhcmVyIiwiYXpwIjoia3ViZSIsInNlc3Npb25fc3RhdGUiOiJmM2NjYjEzZS1kZmMxLTQyZWEtOWEwOS05YzI3ZmFjMzFmYmIiLCJhY3IiOiIxIiwic2NvcGUiOiJvcGVuaWQiLCJncm91cHMiOlsib2NwX25vbi1wcm9kX2NsdXN0ZXItYWRtaW4iLCJvY3BfcHJvZF9jbHVzdGVyLWFkbWluIiwib2NwX20xY3pfY19jbHVzdGVyLWFkbWluIiwib2NwX2NmbWVfYWRtaW5zIl0sInVzZXJuYW1lIjoiZHZvamFuMiJ9.td0FuP0HVNpEHOtKDJGSJ3TeBnLtQTasYNbB9viKbR4sWMDygicFhsjz-y7v7yogxs6-ZTFoC-0Y7a9fkxjH_c5Reix3BLhI6UB-WLla3cj6qO3ESQMaIbo0sJNTQUZoBuUJ8abUxODJcM8T9tUNQYf0sQr6ZeW51JIadKHjHngXV8BNIdOMvfeSYBkT51xtpEJ0XDkeQ3fy_MuYK6iAO4aCe3tpHowUjS4zdYEACFh9ttftfbom2JuU5oYq52SjoNnZ2DS2bHVzQJQ7gLS10BOTgMFlF7qPBUEswKUnkMkqx_UXerrxpTasSQ78_w0HKkSzylHyXQfSfeWEc-c8Ng","expires_in":300,"refresh_expires_in":1800,"refresh_token":"eyJhbGciOiJIUzI1NiIsInR5cCIgOiAiSldUIiwia2lkIiA6ICJmMjU5NmU0Zi0zMzZhLTQ3Y2UtODkwZi1kNjQwZjIzZmE2YjYifQ.eyJleHAiOjE2MTM2NzIyMzEsImlhdCI6MTYxMzY3MDQzMSwianRpIjoiYWYxM2YyOTUtYTIxYi00MTE5LWFjNzgtMjAwNjFhMDVmNjQ1IiwiaXNzIjoiaHR0cHM6Ly8xMC4xNTAuMTUyLjE1Ojg0NDMvYXV0aC9yZWFsbXMvZmVnc3RnIiwiYXVkIjoiaHR0cHM6Ly8xMC4xNTAuMTUyLjE1Ojg0NDMvYXV0aC9yZWFsbXMvZmVnc3RnIiwic3ViIjoiNGM2MWI5NmUtZjYwZS00NTlhLWIyOWUtNjA5NjNkNmY3ZmFkIiwidHlwIjoiUmVmcmVzaCIsImF6cCI6Imt1YmUiLCJzZXNzaW9uX3N0YXRlIjoiZjNjY2IxM2UtZGZjMS00MmVhLTlhMDktOWMyN2ZhYzMxZmJiIiwic2NvcGUiOiJvcGVuaWQifQ.kCZmRhjVp5CRuYR8gZIEWcH9DAFUkD1IBj4l7K1fUQs","token_type":"Bearer","id_token":"eyJhbGciOiJSUzI1NiIsInR5cCIgOiAiSldUIiwia2lkIiA6ICJrT0FBUDByODd4SWxHcmFXZXNRaWYzcVRCSVpyR1p4X295TmhEOTZQX3ZvIn0.eyJleHAiOjE2MTM2NzA3MzEsImlhdCI6MTYxMzY3MDQzMSwiYXV0aF90aW1lIjowLCJqdGkiOiI0MTY2NjA3Yy1lZDJjLTQ0MTAtYTQwZi03YjVkYjhhYWI3ZDIiLCJpc3MiOiJodHRwczovLzEwLjE1MC4xNTIuMTU6ODQ0My9hdXRoL3JlYWxtcy9mZWdzdGciLCJhdWQiOiJrdWJlIiwic3ViIjoiNGM2MWI5NmUtZjYwZS00NTlhLWIyOWUtNjA5NjNkNmY3ZmFkIiwidHlwIjoiSUQiLCJhenAiOiJrdWJlIiwic2Vzc2lvbl9zdGF0ZSI6ImYzY2NiMTNlLWRmYzEtNDJlYS05YTA5LTljMjdmYWMzMWZiYiIsImF0X2hhc2giOiJfZ2wxVWJ3VkR0TW1ZMUhLZlFJdUF3IiwiYWNyIjoiMSIsImdyb3VwcyI6WyJvY3Bfbm9uLXByb2RfY2x1c3Rlci1hZG1pbiIsIm9jcF9wcm9kX2NsdXN0ZXItYWRtaW4iLCJvY3BfbTFjel9jX2NsdXN0ZXItYWRtaW4iLCJvY3BfY2ZtZV9hZG1pbnMiXSwidXNlcm5hbWUiOiJkdm9qYW4yIn0.oGZDajvLGZZpJ6V3l_wHPg5dpmjBUHJVJgz7aJp5UU-XHq-mqiCNByGVOwfirnwQaPYgmlljhLpGsOj2zO0l8yfPJudwy33YoM1SEY1qQZwdG0ERmjLYVSqmwmGpmrGGz6WeoqYbGCDuUtRJ6VN0MoDwKm8mHZne_NW9Vxps1uXrTdc-WSud5MA6j36DcNrKOGw2ylJj0C5IXhOWRzi9y9bYPhALQKdJQf0rFFIXkfhHklvUGxvTQPfSiHrb71ZOmFI1CZNK39ATOkG05LYWoHhICKeH1XaaYIw7DmMtip7KeY_gsnPQKugxHJ837jP7bs3bz3SMMHtG31-m6LZsFA","not-before-policy":0,"session_state":"f3ccb13e-dfc1-42ea-9a09-9c27fac31fbb","scope":"openid"}'
+ KEYCLOAK_TOKEN='{"access_token":"eyJhbGciOiJSUzI1NiIsInR5cCIgOiAiSldUIiwia2lkIiA6ICJrT0FBUDByODd4SWxHcmFXZXNRaWYzcVRCSVpyR1p4X295TmhEOTZQX3ZvIn0.eyJleHAiOjE2MTM2NzA3MzEsImlhdCI6MTYxMzY3MDQzMSwianRpIjoiZjE4N2ZiNWQtY2JiNy00NjJlLWJmYTYtZTRlMDExOTI2NzYzIiwiaXNzIjoiaHR0cHM6Ly8xMC4xNTAuMTUyLjE1Ojg0NDMvYXV0aC9yZWFsbXMvZmVnc3RnIiwic3ViIjoiNGM2MWI5NmUtZjYwZS00NTlhLWIyOWUtNjA5NjNkNmY3ZmFkIiwidHlwIjoiQmVhcmVyIiwiYXpwIjoia3ViZSIsInNlc3Npb25fc3RhdGUiOiJmM2NjYjEzZS1kZmMxLTQyZWEtOWEwOS05YzI3ZmFjMzFmYmIiLCJhY3IiOiIxIiwic2NvcGUiOiJvcGVuaWQiLCJncm91cHMiOlsib2NwX25vbi1wcm9kX2NsdXN0ZXItYWRtaW4iLCJvY3BfcHJvZF9jbHVzdGVyLWFkbWluIiwib2NwX20xY3pfY19jbHVzdGVyLWFkbWluIiwib2NwX2NmbWVfYWRtaW5zIl0sInVzZXJuYW1lIjoiZHZvamFuMiJ9.td0FuP0HVNpEHOtKDJGSJ3TeBnLtQTasYNbB9viKbR4sWMDygicFhsjz-y7v7yogxs6-ZTFoC-0Y7a9fkxjH_c5Reix3BLhI6UB-WLla3cj6qO3ESQMaIbo0sJNTQUZoBuUJ8abUxODJcM8T9tUNQYf0sQr6ZeW51JIadKHjHngXV8BNIdOMvfeSYBkT51xtpEJ0XDkeQ3fy_MuYK6iAO4aCe3tpHowUjS4zdYEACFh9ttftfbom2JuU5oYq52SjoNnZ2DS2bHVzQJQ7gLS10BOTgMFlF7qPBUEswKUnkMkqx_UXerrxpTasSQ78_w0HKkSzylHyXQfSfeWEc-c8Ng","expires_in":300,"refresh_expires_in":1800,"refresh_token":"eyJhbGciOiJIUzI1NiIsInR5cCIgOiAiSldUIiwia2lkIiA6ICJmMjU5NmU0Zi0zMzZhLTQ3Y2UtODkwZi1kNjQwZjIzZmE2YjYifQ.eyJleHAiOjE2MTM2NzIyMzEsImlhdCI6MTYxMzY3MDQzMSwianRpIjoiYWYxM2YyOTUtYTIxYi00MTE5LWFjNzgtMjAwNjFhMDVmNjQ1IiwiaXNzIjoiaHR0cHM6Ly8xMC4xNTAuMTUyLjE1Ojg0NDMvYXV0aC9yZWFsbXMvZmVnc3RnIiwiYXVkIjoiaHR0cHM6Ly8xMC4xNTAuMTUyLjE1Ojg0NDMvYXV0aC9yZWFsbXMvZmVnc3RnIiwic3ViIjoiNGM2MWI5NmUtZjYwZS00NTlhLWIyOWUtNjA5NjNkNmY3ZmFkIiwidHlwIjoiUmVmcmVzaCIsImF6cCI6Imt1YmUiLCJzZXNzaW9uX3N0YXRlIjoiZjNjY2IxM2UtZGZjMS00MmVhLTlhMDktOWMyN2ZhYzMxZmJiIiwic2NvcGUiOiJvcGVuaWQifQ.kCZmRhjVp5CRuYR8gZIEWcH9DAFUkD1IBj4l7K1fUQs","token_type":"Bearer","id_token":"eyJhbGciOiJSUzI1NiIsInR5cCIgOiAiSldUIiwia2lkIiA6ICJrT0FBUDByODd4SWxHcmFXZXNRaWYzcVRCSVpyR1p4X295TmhEOTZQX3ZvIn0.eyJleHAiOjE2MTM2NzA3MzEsImlhdCI6MTYxMzY3MDQzMSwiYXV0aF90aW1lIjowLCJqdGkiOiI0MTY2NjA3Yy1lZDJjLTQ0MTAtYTQwZi03YjVkYjhhYWI3ZDIiLCJpc3MiOiJodHRwczovLzEwLjE1MC4xNTIuMTU6ODQ0My9hdXRoL3JlYWxtcy9mZWdzdGciLCJhdWQiOiJrdWJlIiwic3ViIjoiNGM2MWI5NmUtZjYwZS00NTlhLWIyOWUtNjA5NjNkNmY3ZmFkIiwidHlwIjoiSUQiLCJhenAiOiJrdWJlIiwic2Vzc2lvbl9zdGF0ZSI6ImYzY2NiMTNlLWRmYzEtNDJlYS05YTA5LTljMjdmYWMzMWZiYiIsImF0X2hhc2giOiJfZ2wxVWJ3VkR0TW1ZMUhLZlFJdUF3IiwiYWNyIjoiMSIsImdyb3VwcyI6WyJvY3Bfbm9uLXByb2RfY2x1c3Rlci1hZG1pbiIsIm9jcF9wcm9kX2NsdXN0ZXItYWRtaW4iLCJvY3BfbTFjel9jX2NsdXN0ZXItYWRtaW4iLCJvY3BfY2ZtZV9hZG1pbnMiXSwidXNlcm5hbWUiOiJkdm9qYW4yIn0.oGZDajvLGZZpJ6V3l_wHPg5dpmjBUHJVJgz7aJp5UU-XHq-mqiCNByGVOwfirnwQaPYgmlljhLpGsOj2zO0l8yfPJudwy33YoM1SEY1qQZwdG0ERmjLYVSqmwmGpmrGGz6WeoqYbGCDuUtRJ6VN0MoDwKm8mHZne_NW9Vxps1uXrTdc-WSud5MA6j36DcNrKOGw2ylJj0C5IXhOWRzi9y9bYPhALQKdJQf0rFFIXkfhHklvUGxvTQPfSiHrb71ZOmFI1CZNK39ATOkG05LYWoHhICKeH1XaaYIw7DmMtip7KeY_gsnPQKugxHJ837jP7bs3bz3SMMHtG31-m6LZsFA","not-before-policy":0,"session_state":"f3ccb13e-dfc1-42ea-9a09-9c27fac31fbb","scope":"openid"}'
